    1                             ;-----------------------------------------------------------------------
    2                             ; Hello World using int21 display string routine
    3                             ;
    4                             ; version 0.1
    5                             ;-----------------------------------------------------------------------
    6 = : 000A                    LF      EQU     0Ah
    7 = : 000D                    CR      EQU     0Dh
    8                             
    9                                             org     0100h                                   ; result in .com start IP=0100
   10                             
   11                             ;               MOV     AX,CS
   12                             ;        MOV     DS,AX
   13                             
   14 0100  BA 0D 01                              MOV     DX,OFFSET WELCOME_MESS      ; OFFSET -> DX
   15 0103  B8 00 09                      MOV             AX,0900h                                        ; Call print string bios 
                                  service
   16 0106  CD 21                                 INT             21h
   17                             
   18                             
   19 0108  B8 00 4C                              mov             ax,04C00h                                       ; exit with code 
                                  0
   20 010B  CD 21                         int     021h                            ; back to bootloader/monitor
   21                             
   22 010D  0D 0A 2A 2A 2A 20     WELCOME_MESS  DB    CR,LF,"*** Hello World ***",CR,LF,0
